[debug] [2023-12-17T08:35:34.895Z] ----------------------------------------------------------------------
[debug] [2023-12-17T08:35:34.897Z] Command:       C:\Program Files\nodejs\node.exe C:\Users\luisj\AppData\Roaming\npm\node_modules\firebase-tools\lib\bin\firebase.js init
[debug] [2023-12-17T08:35:34.897Z] CLI Version:   13.0.2
[debug] [2023-12-17T08:35:34.897Z] Platform:      win32
[debug] [2023-12-17T08:35:34.898Z] Node Version:  v20.5.1
[debug] [2023-12-17T08:35:34.898Z] Time:          Sun Dec 17 2023 09:35:34 GMT+0100 (Central European Standard Time)
[debug] [2023-12-17T08:35:34.898Z] ----------------------------------------------------------------------
[debug] 
[debug] [2023-12-17T08:35:34.903Z] > command requires scopes: ["email","openid","https://www.googleapis.com/auth/cloudplatformprojects.readonly","https://www.googleapis.com/auth/firebase","https://www.googleapis.com/auth/cloud-platform"]
[debug] [2023-12-17T08:35:34.903Z] > authorizing via signed-in user (lalvarez.losangeles@gmail.com)
[info] 
     ######## #### ########  ######## ########     ###     ######  ########
     ##        ##  ##     ## ##       ##     ##  ##   ##  ##       ##
     ######    ##  ########  ######   ########  #########  ######  ######
     ##        ##  ##    ##  ##       ##     ## ##     ##       ## ##
     ##       #### ##     ## ######## ########  ##     ##  ######  ########

You're about to initialize a Firebase project in this directory:

  C:\Users\luisj\BangstardStud\vivirmasfacil

[info] 
=== Project Setup
[info] 
[info] First, let's associate this project directory with a Firebase project.
[info] You can create multiple project aliases by running firebase use --add, 
[info] but for now we'll just set up a default project.
[info] 
[debug] [2023-12-17T08:35:49.151Z] > refreshing access token with scopes: []
[debug] [2023-12-17T08:35:49.153Z] >>> [apiv2][query] POST https://www.googleapis.com/oauth2/v3/token [none]
[debug] [2023-12-17T08:35:49.153Z] >>> [apiv2][body] POST https://www.googleapis.com/oauth2/v3/token [omitted]
[debug] [2023-12-17T08:35:49.629Z] <<< [apiv2][status] POST https://www.googleapis.com/oauth2/v3/token 200
[debug] [2023-12-17T08:35:49.630Z] <<< [apiv2][body] POST https://www.googleapis.com/oauth2/v3/token [omitted]
[debug] [2023-12-17T08:35:49.931Z] >>> [apiv2][query] GET https://firebase.googleapis.com/v1beta1/projects pageSize=100
[debug] [2023-12-17T08:35:50.651Z] <<< [apiv2][status] GET https://firebase.googleapis.com/v1beta1/projects 200
[debug] [2023-12-17T08:35:50.651Z] <<< [apiv2][body] GET https://firebase.googleapis.com/v1beta1/projects [omitted]
[info] i  Using project vivirmasfacil-9f7c8 (vivirmasfacil) 
[info] 
=== Hosting Setup
[debug] [2023-12-17T08:35:53.837Z] >>> [apiv2][query] GET https://firebase.googleapis.com/v1beta1/projects/vivirmasfacil-9f7c8 [none]
[debug] [2023-12-17T08:35:54.037Z] <<< [apiv2][status] GET https://firebase.googleapis.com/v1beta1/projects/vivirmasfacil-9f7c8 200
[debug] [2023-12-17T08:35:54.038Z] <<< [apiv2][body] GET https://firebase.googleapis.com/v1beta1/projects/vivirmasfacil-9f7c8 {"projectId":"vivirmasfacil-9f7c8","projectNumber":"944542962866","displayName":"vivirmasfacil","name":"projects/vivirmasfacil-9f7c8","resources":{"hostingSite":"vivirmasfacil-9f7c8"},"state":"ACTIVE","etag":"1_d3956a31-18e0-43cf-af16-ce7ec8062d0c"}
[info] 
[info] Your public directory is the folder (relative to your project directory) that
[info] will contain Hosting assets to be uploaded with firebase deploy. If you
[info] have a build process for your assets, use your build's output directory.
[info] 
[debug] [2023-12-17T08:37:09.962Z] >>> [apiv2][query] GET https://www.gstatic.com/firebasejs/releases.json [none]
[debug] [2023-12-17T08:37:10.323Z] <<< [apiv2][status] GET https://www.gstatic.com/firebasejs/releases.json 200
[debug] [2023-12-17T08:37:10.323Z] <<< [apiv2][body] GET https://www.gstatic.com/firebasejs/releases.json {"current":{"version":"10.7.1","browserURL":"https://www.gstatic.com/firebasejs/10.7.1/firebase.js","packageURL":"https://www.gstatic.com/firebasejs/10.7.1/firebase.tgz"},"live":{"version":"10.7","browserURL":"https://www.gstatic.com/firebasejs/live/10.7/firebase.js","packageURL":"https://www.gstatic.com/firebasejs/live/10.7/firebase.tgz"},"components":{"analytics":"https://www.gstatic.com/firebasejs/10.7.1/firebase-analytics.js","app":"https://www.gstatic.com/firebasejs/10.7.1/firebase-app.js","app-check":"https://www.gstatic.com/firebasejs/10.7.1/firebase-app-check.js","auth":"https://www.gstatic.com/firebasejs/10.7.1/firebase-auth.js","auth/cordova":"https://www.gstatic.com/firebasejs/10.7.1/firebase-auth/cordova.js","functions":"https://www.gstatic.com/firebasejs/10.7.1/firebase-functions.js","firestore":"https://www.gstatic.com/firebasejs/10.7.1/firebase-firestore.js","firestore/lite":"https://www.gstatic.com/firebasejs/10.7.1/firebase-firestore/lite.js","installations":"https://www.gstatic.com/firebasejs/10.7.1/firebase-installations.js","storage":"https://www.gstatic.com/firebasejs/10.7.1/firebase-storage.js","performance":"https://www.gstatic.com/firebasejs/10.7.1/firebase-performance.js","remote-config":"https://www.gstatic.com/firebasejs/10.7.1/firebase-remote-config.js","messaging":"https://www.gstatic.com/firebasejs/10.7.1/firebase-messaging.js","messaging/sw":"https://www.gstatic.com/firebasejs/10.7.1/firebase-messaging/sw.js","database":"https://www.gstatic.com/firebasejs/10.7.1/firebase-database.js","firestore.memory":"https://www.gstatic.com/firebasejs/10.7.1/firebase-firestore.memory.js"}}
[info] i  Skipping write of public/index.html 
[info] 
[info] i  Detected a .git folder at C:\Users\luisj\BangstardStud\vivirmasfacil 
[info] i  Authorizing with GitHub to upload your service account to a GitHub repository's secrets store. 
[info] 
[info] Visit this URL on this device to log in:
[info] https://github.com/login/oauth/authorize?client_id=89cf50f02ac6aaed3484&state=263155303&redirect_uri=http%3A%2F%2Flocalhost%3A9005&scope=read%3Auser%20repo%20public_repo
[info] 
[info] Waiting for authentication...
[debug] [2023-12-17T08:37:15.267Z] >>> [apiv2][query] POST https://github.com/login/oauth/access_token [none]
[debug] [2023-12-17T08:37:15.268Z] >>> [apiv2][body] POST https://github.com/login/oauth/access_token [stream]
[debug] [2023-12-17T08:37:15.554Z] <<< [apiv2][status] POST https://github.com/login/oauth/access_token 200
[debug] [2023-12-17T08:37:15.554Z] <<< [apiv2][body] POST https://github.com/login/oauth/access_token {"access_token":"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","token_type":"bearer","scope":"read:user,repo"}
[debug] [2023-12-17T08:37:15.560Z] >>> [apiv2][query] GET https://api.github.com/user [none]
[debug] [2023-12-17T08:37:15.877Z] <<< [apiv2][status] GET https://api.github.com/user 200
[debug] [2023-12-17T08:37:15.877Z] <<< [apiv2][body] GET https://api.github.com/user {"login":"Bangstardo","id":88283847,"node_id":"MDQ6VXNlcjg4MjgzODQ3","avatar_url":"https://avatars.githubusercontent.com/u/88283847?v=4","gravatar_id":"","url":"https://api.github.com/users/Bangstardo","html_url":"https://github.com/Bangstardo","followers_url":"https://api.github.com/users/Bangstardo/followers","following_url":"https://api.github.com/users/Bangstardo/following{/other_user}","gists_url":"https://api.github.com/users/Bangstardo/gists{/gist_id}","starred_url":"https://api.github.com/users/Bangstardo/starred{/owner}{/repo}","subscriptions_url":"https://api.github.com/users/Bangstardo/subscriptions","organizations_url":"https://api.github.com/users/Bangstardo/orgs","repos_url":"https://api.github.com/users/Bangstardo/repos","events_url":"https://api.github.com/users/Bangstardo/events{/privacy}","received_events_url":"https://api.github.com/users/Bangstardo/received_events","type":"User","site_admin":false,"name":null,"company":null,"blog":"","location":null,"email":null,"hireable":null,"bio":null,"twitter_username":null,"public_repos":22,"public_gists":0,"followers":0,"following":1,"created_at":"2021-08-01T16:18:59Z","updated_at":"2023-12-02T13:24:52Z","private_gists":0,"total_private_repos":0,"owned_private_repos":0,"disk_usage":4480,"collaborators":0,"two_factor_authentication":false,"plan":{"name":"free","space":976562499,"collaborators":0,"private_repos":10000}}
[info] 
[info] +  Success! Logged into GitHub as Bangstardo 
[info] 
